2023-09-01 21:07:28,007:INFO:App gestartet
2023-09-01 21:07:44,115:INFO:App gestartet
2023-09-01 21:07:45,088:INFO:Authentifizierungsstatus: None
2023-09-01 21:07:45,735:INFO:App gestartet
2023-09-01 21:07:46,505:INFO:Authentifizierungsstatus: True
2023-09-01 21:07:50,856:INFO:User läd Seite Live Status
2023-09-01 21:07:51,823:INFO:App gestartet
2023-09-01 21:07:52,582:INFO:Authentifizierungsstatus: True
2023-09-01 21:08:09,024:INFO:App gestartet
2023-09-01 21:08:09,839:INFO:Authentifizierungsstatus: True
2023-09-01 21:11:51,102:INFO:App gestartet
2023-09-01 21:11:52,092:INFO:Authentifizierungsstatus: True
2023-09-01 21:11:57,783:INFO:User läd Seite User Reports
2023-09-01 21:12:03,855:INFO:App gestartet
2023-09-01 21:12:04,688:INFO:Authentifizierungsstatus: True
2023-09-01 21:12:08,897:INFO:User läd Seite Live Status
2023-09-01 21:12:56,973:INFO:App gestartet
2023-09-01 21:12:57,762:INFO:Authentifizierungsstatus: True
2023-09-01 21:12:57,762:INFO:User ist Authentifiziert
2023-09-01 21:13:01,636:INFO:User läd Seite Live Status
2023-09-01 21:13:27,446:INFO:App gestartet
2023-09-01 21:13:28,326:INFO:Authentifizierungsstatus: None
2023-09-01 21:13:28,945:INFO:App gestartet
2023-09-01 21:13:29,784:INFO:Authentifizierungsstatus: True
2023-09-01 21:13:29,784:INFO:User: Martin
2023-09-01 21:13:33,827:INFO:User läd Seite Live Status
2023-09-01 21:13:35,527:INFO:App gestartet
2023-09-01 21:13:36,592:INFO:Authentifizierungsstatus: True
2023-09-01 21:13:36,592:INFO:User: Martin
2023-09-01 21:15:08,203:INFO:App gestartet
2023-09-01 21:15:09,116:INFO:Authentifizierungsstatus: True
2023-09-01 21:15:09,117:INFO:User: Martin
2023-09-01 21:15:14,119:INFO:User läd Seite User Reports
2023-09-01 21:16:54,977:INFO:App gestartet
2023-09-01 21:16:55,878:INFO:Authentifizierungsstatus: True
2023-09-01 21:16:55,879:INFO:User: Martin
2023-09-01 21:17:04,288:INFO:App gestartet
2023-09-01 21:17:05,108:INFO:Authentifizierungsstatus: True
2023-09-01 21:17:05,109:INFO:User: Martin
2023-09-01 22:48:18,202:INFO:App gestartet
2023-09-01 22:48:29,415:INFO:App gestartet
2023-09-01 22:48:31,117:INFO:Authentifizierungsstatus: None
2023-09-01 22:48:31,755:INFO:App gestartet
2023-09-01 22:48:32,635:INFO:Authentifizierungsstatus: True
2023-09-01 22:48:32,636:INFO:User: Martin
2023-09-01 22:48:36,937:INFO:App gestartet
2023-09-01 22:48:37,758:INFO:Authentifizierungsstatus: True
2023-09-01 22:48:37,759:INFO:User: Martin
2023-09-01 22:48:51,472:INFO:App gestartet
2023-09-01 22:48:52,281:INFO:Authentifizierungsstatus: True
2023-09-01 22:48:52,281:INFO:User: Martin
2023-09-01 22:54:44,510:INFO:App gestartet
2023-09-01 22:54:45,463:INFO:Authentifizierungsstatus: True
2023-09-01 22:54:45,465:INFO:User: Martin
2023-09-01 22:55:22,070:INFO:App gestartet
2023-09-01 22:55:45,756:INFO:App gestartet
2023-09-01 22:55:46,842:INFO:Authentifizierungsstatus: None
2023-09-01 22:55:47,431:INFO:App gestartet
2023-09-01 22:55:48,344:INFO:Authentifizierungsstatus: True
2023-09-01 22:55:48,344:INFO:User: Martin
2023-09-01 22:55:52,714:INFO:User läd Seite Live Status
2023-09-01 22:55:56,257:INFO:App gestartet
2023-09-01 22:55:57,303:INFO:Authentifizierungsstatus: True
2023-09-01 22:55:57,303:INFO:User: Martin
2023-09-01 22:56:09,031:INFO:App gestartet
2023-09-01 22:56:09,816:INFO:Authentifizierungsstatus: True
2023-09-01 22:56:09,816:INFO:User: Martin
2023-09-01 22:59:57,499:INFO:App gestartet
2023-09-01 22:59:58,371:INFO:Authentifizierungsstatus: True
2023-09-01 22:59:58,372:INFO:User: Martin
2023-09-01 23:00:03,019:INFO:App gestartet
2023-09-01 23:00:03,847:INFO:Authentifizierungsstatus: True
2023-09-01 23:00:03,847:INFO:User: Martin
2023-09-01 23:00:08,811:INFO:User läd Seite User Reports
2023-09-01 23:01:06,035:INFO:App gestartet
2023-09-01 23:01:06,959:INFO:Authentifizierungsstatus: True
2023-09-01 23:01:06,960:INFO:User: Martin
2023-09-01 23:01:12,754:INFO:App gestartet
2023-09-01 23:01:13,547:INFO:Authentifizierungsstatus: True
2023-09-01 23:01:13,548:INFO:User: Martin
2023-09-01 23:01:22,203:INFO:App gestartet
2023-09-01 23:01:23,104:INFO:Authentifizierungsstatus: True
2023-09-01 23:01:23,104:INFO:User: Martin
2023-09-01 23:01:37,164:INFO:App gestartet
2023-09-01 23:01:37,954:INFO:Authentifizierungsstatus: True
2023-09-01 23:01:37,955:INFO:User: Martin
2023-09-01 23:01:49,459:INFO:App gestartet
2023-09-01 23:01:51,305:INFO:Authentifizierungsstatus: True
2023-09-01 23:01:51,306:INFO:User: Martin
2023-09-01 23:01:58,402:INFO:App gestartet
2023-09-01 23:01:59,239:INFO:Authentifizierungsstatus: True
2023-09-01 23:01:59,239:INFO:User: Martin
2023-09-01 23:02:53,655:INFO:App gestartet
2023-09-01 23:02:54,520:INFO:Authentifizierungsstatus: True
2023-09-01 23:02:54,520:INFO:User: Martin
2023-09-01 23:03:00,012:INFO:App gestartet
2023-09-01 23:03:01,167:INFO:Authentifizierungsstatus: True
2023-09-01 23:03:01,167:INFO:User: Martin
2023-09-01 23:03:03,184:INFO:App gestartet
2023-09-01 23:03:04,109:INFO:Authentifizierungsstatus: True
2023-09-01 23:03:04,111:INFO:User: Martin
2023-09-01 23:03:19,511:INFO:App gestartet
2023-09-01 23:03:20,871:INFO:Authentifizierungsstatus: True
2023-09-01 23:03:20,872:INFO:User: Martin
2023-09-01 23:03:25,723:INFO:User läd Seite User Reports
2023-09-01 23:03:47,430:INFO:App gestartet
2023-09-01 23:03:48,174:INFO:Authentifizierungsstatus: True
2023-09-01 23:03:48,175:INFO:User: Martin
2023-09-01 23:04:55,616:INFO:App gestartet
2023-09-01 23:04:56,474:INFO:Authentifizierungsstatus: True
2023-09-01 23:04:56,475:INFO:User: Martin
2023-09-01 23:05:13,568:INFO:App gestartet
2023-09-01 23:05:14,384:INFO:Authentifizierungsstatus: True
2023-09-01 23:05:14,385:INFO:User: Martin
